  Board.cpp
C:\Users\scoot\OneDrive\Рабочий стол\labi\PythonApplication1\Cpp\Bitboard.h(65,30): warning C4244: return: преобразование "__int64" в "int", возможна потеря данных
C:\Users\scoot\OneDrive\Рабочий стол\labi\PythonApplication1\Cpp\bititer.h(107,50): warning C4244: аргумент: преобразование "unsigned long" в "uint8_t", возможна потеря данных
C:\Users\scoot\OneDrive\Рабочий стол\labi\PythonApplication1\Cpp\bititer.h(107): message : во время компиляции функции-члена класс шаблон "T lczero::BitIterator<T>::operator *(void) const"
          with
          [
              T=BoardSquare
          ]
C:\Users\scoot\OneDrive\Рабочий стол\labi\PythonApplication1\Cpp\Board.cpp(65): message : выполняется компиляция ссылки на экземпляр шаблон функции "T lczero::BitIterator<T>::operator *(void) const"
          with
          [
              T=BoardSquare
          ]
C:\Users\scoot\OneDrive\Рабочий стол\labi\PythonApplication1\Cpp\Bitboard.h(134): message : выполняется компиляция ссылки на экземпляр класс шаблон функции "lczero::BitIterator<BoardSquare>"
  Engine.cpp
C:\Users\scoot\OneDrive\Рабочий стол\labi\PythonApplication1\Cpp\Bitboard.h(65,30): warning C4244: return: преобразование "__int64" в "int", возможна потеря данных
C:\Users\scoot\OneDrive\Рабочий стол\labi\PythonApplication1\Cpp\Engine.cpp(6,1): warning C4005: INFINITY: изменение макроопределения
C:\Program Files (x86)\Windows Kits\10\Include\10.0.19041.0\ucrt\corecrt_math.h(88): message : см. предыдущее определение "INFINITY"
C:\Users\scoot\OneDrive\Рабочий стол\labi\PythonApplication1\Cpp\Engine.cpp(68,12): warning C4067: непредвиденные лексемы за директивой препроцессора, требуется newline
C:\Users\scoot\OneDrive\Рабочий стол\labi\PythonApplication1\Cpp\Engine.cpp(76,12): warning C4067: непредвиденные лексемы за директивой препроцессора, требуется newline
C:\Users\scoot\OneDrive\Рабочий стол\labi\PythonApplication1\Cpp\Engine.cpp(81,12): warning C4067: непредвиденные лексемы за директивой препроцессора, требуется newline
C:\Users\scoot\OneDrive\Рабочий стол\labi\PythonApplication1\Cpp\Engine.cpp(90,12): warning C4067: непредвиденные лексемы за директивой препроцессора, требуется newline
C:\Users\scoot\OneDrive\Рабочий стол\labi\PythonApplication1\Cpp\bititer.h(107,50): warning C4244: аргумент: преобразование "unsigned long" в "uint8_t", возможна потеря данных
C:\Users\scoot\OneDrive\Рабочий стол\labi\PythonApplication1\Cpp\bititer.h(107): message : во время компиляции функции-члена класс шаблон "T lczero::BitIterator<T>::operator *(void) const"
          with
          [
              T=BoardSquare
          ]
C:\Users\scoot\OneDrive\Рабочий стол\labi\PythonApplication1\Cpp\Engine.cpp(47): message : выполняется компиляция ссылки на экземпляр шаблон функции "T lczero::BitIterator<T>::operator *(void) const"
          with
          [
              T=BoardSquare
          ]
C:\Users\scoot\OneDrive\Рабочий стол\labi\PythonApplication1\Cpp\Bitboard.h(134): message : выполняется компиляция ссылки на экземпляр класс шаблон функции "lczero::BitIterator<BoardSquare>"
  Source.cpp
C:\Users\scoot\OneDrive\Рабочий стол\labi\PythonApplication1\Cpp\Bitboard.h(65,30): warning C4244: return: преобразование "__int64" в "int", возможна потеря данных
C:\Users\scoot\OneDrive\Рабочий стол\labi\PythonApplication1\Cpp\Source.cpp(12,12): warning C4067: непредвиденные лексемы за директивой препроцессора, требуется newline
     Создается библиотека C:\Users\scoot\OneDrive\Рабочий стол\labi\PythonApplication1\x64\Release\checkers_bot_cpp.lib и объект C:\Users\scoot\OneDrive\Рабочий стол\labi\PythonApplication1\x64\Release\checkers_bot_cpp.exp
  Создание кода
  Previous IPDB not found, fall back to full compilation.
  All 2371 functions were compiled because no usable IPDB/IOBJ from previous compilation was found.
  Создание кода завершено
  Cpp.vcxproj -> C:\Users\scoot\OneDrive\Рабочий стол\labi\PythonApplication1\x64\Release\checkers_bot_cpp.pyd
